<?xml version="1.0" encoding="UTF-8"?>
<testng-results skipped="0" failed="0" ignored="0" total="1" passed="1">
  <reporter-output>
  </reporter-output>
  <suite name="Default suite" duration-ms="39904" started-at="2024-01-14T13:42:58 IST" finished-at="2024-01-14T13:43:38 IST">
    <groups>
    </groups>
    <test name="Default test" duration-ms="39904" started-at="2024-01-14T13:42:58 IST" finished-at="2024-01-14T13:43:38 IST">
      <class name="PSWebTests.testcases">
        <test-method status="PASS" signature="initialize()[pri:0, instance:PSWebTests.testcases@150c158]" name="initialize" is-config="true" duration-ms="22" started-at="2024-01-14T13:42:58 IST" finished-at="2024-01-14T13:42:58 IST">
          <reporter-output>
          </reporter-output>
        </test-method> <!-- initialize -->
        <test-method status="PASS" signature="launch()[pri:0, instance:PSWebTests.testcases@150c158]" name="launch" is-config="true" duration-ms="38877" started-at="2024-01-14T13:42:58 IST" finished-at="2024-01-14T13:43:37 IST">
          <reporter-output>
          </reporter-output>
        </test-method> <!-- launch -->
        <test-method status="PASS" signature="enterPhoneNumber()[pri:0, instance:PSWebTests.testcases@150c158]" name="enterPhoneNumber" duration-ms="904" started-at="2024-01-14T13:43:37 IST" finished-at="2024-01-14T13:43:38 IST">
          <reporter-output>
          </reporter-output>
        </test-method> <!-- enterPhoneNumber -->
      </class> <!-- PSWebTests.testcases -->
    </test> <!-- Default test -->
  </suite> <!-- Default suite -->
</testng-results>
